<?xml version="1.0" encoding="UTF-8"?>
<!-- Generated by org.testng.reporters.JUnitXMLReporter -->
<testsuite hostname="RahulMishra-PC" name="Test(failed)(failed)(failed)" tests="1" failures="1" timestamp="30 May 2017 00:45:04 GMT" time="10.511" errors="0">
  <testcase name="login" time="0.005" classname="Test.Login">
    <failure type="java.lang.NullPointerException">
      <![CDATA[java.lang.NullPointerException
	at source.ReusableFunctions.sendKeysByXpath(ReusableFunctions.java:49)
	at Test.Login.login(Login.java:37)
... Removed 24 stack frames]]>
    </failure>
  </testcase> <!-- login -->
</testsuite> <!-- Test(failed)(failed)(failed) -->
