<?xml version="1.0" encoding="UTF-8"?>
<!-- Generated by org.testng.reporters.JUnitXMLReporter -->
<testsuite hostname="RahulMishra-PC" name="Test" tests="1" failures="0" timestamp="25 Jun 2017 05:16:10 GMT" time="18.97" errors="0">
  <testcase name="@BeforeClass launch" time="0.0" classname="testScripts.ValidateHotelBooking">
    <failure type="java.lang.AssertionError" message="null">
      <![CDATA[java.lang.AssertionError: null
	at driverScript.InitializeDriver.setUp(InitializeDriver.java:47)
	at testScripts.ValidateHotelBooking.launch(ValidateHotelBooking.java:48)
... Removed 26 stack frames]]>
    </failure>
  </testcase> <!-- @BeforeClass launch -->
  <testcase name="@AfterClass close" time="0.0" classname="testScripts.ValidateHotelBooking">
    <skipped/>
  </testcase> <!-- @AfterClass close -->
  <testcase name="hotelBooking" time="0.001" classname="testScripts.ValidateHotelBooking">
    <skipped/>
  </testcase> <!-- hotelBooking -->
</testsuite> <!-- Test -->
