<?xml version="1.0" encoding="UTF-8"?>
<!-- Generated by org.testng.reporters.JUnitXMLReporter -->
<testsuite hostname="RahulMishra-PC" name="Test2" tests="1" failures="1" timestamp="13 Jun 2017 10:35:38 GMT" time="0.045" errors="0">
  <testcase name="hotelBooking" time="0.032" classname="testScripts.HotelBooking">
    <failure type="java.lang.NullPointerException">
      <![CDATA[java.lang.NullPointerException
	at org.openqa.selenium.support.pagefactory.DefaultElementLocator.findElement(DefaultElementLocator.java:69)
	at org.openqa.selenium.support.pagefactory.internal.LocatingElementHandler.invoke(LocatingElementHandler.java:38)
	at com.sun.proxy.$Proxy7.click(Unknown Source)
	at testScripts.HotelBooking.hotelBooking(HotelBooking.java:45)
... Removed 24 stack frames]]>
    </failure>
  </testcase> <!-- hotelBooking -->
</testsuite> <!-- Test2 -->
