<?xml version="1.0" encoding="UTF-8"?>
<!-- Generated by org.testng.reporters.JUnitXMLReporter -->
<testsuite hostname="RahulMishra-PC" name="Test1" tests="1" failures="1" timestamp="13 Jun 2017 12:01:53 GMT" time="0.049" errors="0">
  <testcase name="@AfterClass close" time="0.0" classname="testScripts.HotelBooking">
    <failure type="java.lang.NullPointerException">
      <![CDATA[java.lang.NullPointerException
	at reusableFunctions.ReusableFunctions.stopRecoder(ReusableFunctions.java:80)
	at testScripts.HotelBooking.close(HotelBooking.java:390)
... Removed 24 stack frames]]>
    </failure>
  </testcase> <!-- @AfterClass close -->
  <testcase name="hotelBooking" time="0.031" classname="testScripts.HotelBooking">
    <failure type="java.lang.NullPointerException">
      <![CDATA[java.lang.NullPointerException
	at org.openqa.selenium.support.pagefactory.DefaultElementLocator.findElement(DefaultElementLocator.java:69)
	at org.openqa.selenium.support.pagefactory.internal.LocatingElementHandler.invoke(LocatingElementHandler.java:38)
	at com.sun.proxy.$Proxy8.click(Unknown Source)
	at testScripts.HotelBooking.hotelBooking(HotelBooking.java:46)
... Removed 24 stack frames]]>
    </failure>
  </testcase> <!-- hotelBooking -->
</testsuite> <!-- Test1 -->
