<?xml version="1.0" encoding="UTF-8"?>
<testng-results skipped="0" failed="0" total="1" passed="1">
  <reporter-output>
  </reporter-output>
  <suite name="Default suite" duration-ms="45886" started-at="2017-05-31T03:33:28Z" finished-at="2017-05-31T03:34:14Z">
    <groups>
    </groups>
    <test name="Default test" duration-ms="45886" started-at="2017-05-31T03:33:28Z" finished-at="2017-05-31T03:34:14Z">
      <class name="Test.TestLogin">
        <test-method status="PASS" signature="setUp()[pri:0, instance:Test.TestLogin@5f375618]" name="setUp" is-config="true" duration-ms="16423" started-at="2017-05-31T09:03:28Z" finished-at="2017-05-31T09:03:45Z">
          <reporter-output>
          </reporter-output>
        </test-method> <!-- setUp -->
        <test-method status="PASS" signature="run()[pri:0, instance:Test.TestLogin@5f375618]" name="run" duration-ms="23639" started-at="2017-05-31T09:03:45Z" finished-at="2017-05-31T09:04:08Z">
          <reporter-output>
          </reporter-output>
        </test-method> <!-- run -->
        <test-method status="PASS" signature="close()[pri:0, instance:Test.TestLogin@5f375618]" name="close" is-config="true" duration-ms="5813" started-at="2017-05-31T09:04:08Z" finished-at="2017-05-31T09:04:14Z">
          <reporter-output>
          </reporter-output>
        </test-method> <!-- close -->
      </class> <!-- Test.TestLogin -->
    </test> <!-- Default test -->
  </suite> <!-- Default suite -->
</testng-results>
