<?xml version="1.0" encoding="UTF-8"?>
<!-- Generated by org.testng.reporters.JUnitXMLReporter -->
<testsuite hostname="RahulMishra-PC" name="Test(failed)" tests="1" failures="1" timestamp="30 May 2017 00:40:17 GMT" time="11.183" errors="0">
  <testcase name="login" time="0.006" classname="Test.Login">
    <failure type="java.lang.NullPointerException">
      <![CDATA[java.lang.NullPointerException
	at source.ReusableFunctions.sendKeysByXpath(ReusableFunctions.java:50)
	at Test.Login.login(Login.java:37)
... Removed 24 stack frames]]>
    </failure>
  </testcase> <!-- login -->
</testsuite> <!-- Test(failed) -->
