<?xml version="1.0" encoding="UTF-8"?>
<testng-results skipped="0" failed="0" total="1" passed="1">
  <reporter-output>
  </reporter-output>
  <suite name="Default suite" duration-ms="81452" started-at="2017-06-08T23:15:02Z" finished-at="2017-06-08T23:16:23Z">
    <groups>
    </groups>
    <test name="Default test" duration-ms="81452" started-at="2017-06-08T23:15:02Z" finished-at="2017-06-08T23:16:23Z">
      <class name="test_scripts.CreatingApplication">
        <test-method status="PASS" signature="Launch_Driver()[pri:0, instance:test_scripts.CreatingApplication@1efbd816]" name="Launch_Driver" is-config="true" duration-ms="22078" started-at="2017-06-09T04:45:02Z" finished-at="2017-06-09T04:45:24Z">
          <reporter-output>
          </reporter-output>
        </test-method> <!-- Launch_Driver -->
        <test-method status="PASS" signature="createApplication()[pri:0, instance:test_scripts.CreatingApplication@1efbd816]" name="createApplication" duration-ms="59365" started-at="2017-06-09T04:45:24Z" finished-at="2017-06-09T04:46:23Z">
          <reporter-output>
          </reporter-output>
        </test-method> <!-- createApplication -->
      </class> <!-- test_scripts.CreatingApplication -->
    </test> <!-- Default test -->
  </suite> <!-- Default suite -->
</testng-results>
